2026-01-30 13:47:25.152 | INFO     | quantum:run_quantum:217 - Starting MLflow Run: 0442bf93210c49a2a182e69335a25877
2026-01-30 13:47:25.171 | INFO     | quantum:run_quantum:221 - Starting Kernel-based QSVR Experiment: Single_48
2026-01-30 13:47:25.172 | INFO     | quantum:run_quantum:222 - Config: Samples=200 | Jobs=1
2026-01-30 13:47:25.172 | INFO     | quantum:process_single_patient:160 - Processing Patient 48
2026-01-30 13:47:35.132 | INFO     | qsvm_eeg.features:extract_features:162 - BENCHMARK | Feature Extraction: 9.8443s
2026-01-30 13:47:35.140 | INFO     | quantum:process_single_patient:188 - Patient 48: Subsampling 8117 -> 200 samples
2026-01-30 13:47:35.146 | INFO     | quantum:run_quantum:247 - Shuffling combined dataset
2026-01-30 13:47:35.146 | INFO     | quantum:run_quantum:251 - Total Dataset Shape: (200, 11)
2026-01-30 13:47:35.146 | INFO     | quantum:run_quantum:259 - Scaling Data (MinMax 0 to pi)
2026-01-30 13:47:35.146 | INFO     | quantum:run_quantum:267 - Computing Quantum Kernel Matrix (Train) | Jobs=1
2026-01-30 13:47:35.146 | INFO     | qsvm_eeg.circuit:compute_kernel_matrix:136 - Computing Kernel (160x160) | Backend: lightning.qubit | Batch: 32768 | Jobs: 1
2026-01-30 13:47:43.401 | INFO     | qsvm_eeg.circuit:compute_kernel_matrix:158 - BENCHMARK | Kernel Time: 8.25s
2026-01-30 13:47:43.401 | INFO     | quantum:run_quantum:276 - Kernel Matrix (Train) Computed in 8.2525s
2026-01-30 13:47:43.401 | INFO     | quantum:run_quantum:279 - Starting Grid Search SVR (Quantum)
2026-01-30 13:47:45.191 | SUCCESS  | quantum:run_quantum:305 - Best Params: {'C': 50, 'epsilon': 4.0} | Best CV RMSE: 9.1994
2026-01-30 13:47:45.191 | INFO     | quantum:run_quantum:306 - BENCHMARK | Kernel: 8.25s + Tuning: 1.79s = Total: 10.04s
2026-01-30 13:47:45.211 | INFO     | quantum:run_quantum:312 - Computing Quantum Kernel Matrix (Test)
2026-01-30 13:47:45.211 | INFO     | qsvm_eeg.circuit:compute_kernel_matrix:136 - Computing Kernel (40x160) | Backend: lightning.qubit | Batch: 32768 | Jobs: 1
2026-01-30 13:47:47.262 | INFO     | qsvm_eeg.circuit:compute_kernel_matrix:158 - BENCHMARK | Kernel Time: 2.05s
2026-01-30 13:47:47.263 | SUCCESS  | quantum:run_quantum:332 - QUANTUM RESULTS | RMSE: 5.6783 | R2: 0.8584 | R: 0.9321 | 95% CI: 1.7345
2026-01-30 13:47:47.273 | SUCCESS  | quantum:log_results:146 - Experiment logged to CSV: C:\Users\dduya\Work\1 project\qsvm-eeg\reports\logs\experiment_log.csv
2026-01-30 13:47:47.469 | INFO     | quantum:save_plot:123 - Saved Plot: C:\Users\dduya\Work\1 project\qsvm-eeg\reports\figures\pred_actual_Single_48_20260130_134747.png
2026-01-30 13:47:47.651 | INFO     | quantum:save_plot:123 - Saved Plot: C:\Users\dduya\Work\1 project\qsvm-eeg\reports\figures\corr_Single_48_20260130_134747.png
